<?xml version="1.0" encoding="UTF-8"?>
<!-- Generated by org.testng.reporters.JUnitReportReporter -->
<testsuite hostname="Surajs-MacBook-Air.local" failures="0" tests="1" name="com.VeridocSign.TestWellTechnologies.HomePage_TC01" time="8.586" errors="0" timestamp="2023-11-03T00:31:57 IST" skipped="0">
  <testcase classname="com.VeridocSign.TestWellTechnologies.HomePage_TC01" name="TestCase01" time="8.586"/>
  <system-out>
    <![CDATA[Test Case passed]]>
  </system-out>
</testsuite> <!-- com.VeridocSign.TestWellTechnologies.HomePage_TC01 -->
